Running: F:\xilink\14.4\ISE_DS\ISE\bin\nt64\unwrapped\fuse.exe -intstyle ise -incremental -lib secureip -o D:/vhdl/lab1/alu_tb_isim_beh.exe -prj D:/vhdl/lab1/alu_tb_beh.prj work.alu_tb 
ISim P.49d (signature 0x7708f090)
Number of CPUs detected in this system: 4
Turning on mult-threading, number of parallel sub-compilation jobs: 8 
Determining compilation order of HDL files
Parsing VHDL file "D:/vhdl/lab1/alu_tb.vhd" into library work
Starting static elaboration
WARNING:HDLCompiler:89 - "D:/vhdl/lab1/alu_tb.vhd" Line 72: <alu> remains a black-box since it has no binding entity.
Completed static elaboration
WARNING:Simulator:648 - "D:/vhdl/lab1/alu_tb.vhd" Line 72. Instance alu is unbound
Compiling package standard
Compiling package std_logic_1164
Compiling package std_logic_arith
Compiling package std_logic_unsigned
Compiling architecture behavior of entity alu_tb
Time Resolution for simulation is 1ps.
Compiled 5 VHDL Units
Built simulation executable D:/vhdl/lab1/alu_tb_isim_beh.exe
Fuse Memory Usage: 32120 KB
Fuse CPU Usage: 717 ms
