--------------------------------------------------------------------------------
Release 14.4 Trace  (nt)
Copyright (c) 1995-2012 Xilinx, Inc.  All rights reserved.

F:\xilink\14.4\ISE_DS\ISE\bin\nt\unwrapped\trce.exe -intstyle ise -v 3 -s 4 -n
3 -fastpaths -xml store_v.twx store_v.ncd -o store_v.twr store_v.pcf -ucf
four3.ucf

Design file:              store_v.ncd
Physical constraint file: store_v.pcf
Device,package,speed:     xc3s500e,pq208,-4 (PRODUCTION 1.27 2012-12-04)
Report level:             verbose report

Environment Variable      Effect 
--------------------      ------ 
NONE                      No environment variables were set
--------------------------------------------------------------------------------

INFO:Timing:2698 - No timing constraints found, doing default enumeration.
INFO:Timing:3412 - To improve timing, see the Timing Closure User Guide (UG612).
INFO:Timing:2752 - To get complete path coverage, use the unconstrained paths 
   option. All paths that are not constrained will be reported in the 
   unconstrained paths section(s) of the report.
INFO:Timing:3339 - The clock-to-out numbers in this timing report are based on 
   a 50 Ohm transmission line loading model.  For the details of this model, 
   and for more information on accounting for different loading conditions, 
   please see the device datasheet.
INFO:Timing:3390 - This architecture does not support a default System Jitter 
   value, please add SYSTEM_JITTER constraint to the UCF to modify the Clock 
   Uncertainty calculation.
INFO:Timing:3389 - This architecture does not support 'Discrete Jitter' and 
   'Phase Error' calculations, these terms will be zero in the Clock 
   Uncertainty calculation.  Please make appropriate modification to 
   SYSTEM_JITTER to account for the unsupported Discrete Jitter and Phase 
   Error.



Data Sheet report:
-----------------
All values displayed in nanoseconds (ns)

Setup/Hold to clock k4<7>
------------+------------+------------+------------------+--------+
            |Max Setup to|Max Hold to |                  | Clock  |
Source      | clk (edge) | clk (edge) |Internal Clock(s) | Phase  |
------------+------------+------------+------------------+--------+
data<0>     |   -1.078(R)|    3.125(R)|k4_7_IBUF         |   0.000|
data<1>     |   -0.417(R)|    2.604(R)|k4_7_IBUF         |   0.000|
data<2>     |   -0.267(R)|    2.471(R)|k4_7_IBUF         |   0.000|
data<3>     |   -1.242(R)|    3.264(R)|k4_7_IBUF         |   0.000|
data<4>     |   -0.519(R)|    2.670(R)|k4_7_IBUF         |   0.000|
data<5>     |   -0.389(R)|    2.565(R)|k4_7_IBUF         |   0.000|
data<6>     |   -0.347(R)|    2.533(R)|k4_7_IBUF         |   0.000|
data<7>     |   -0.204(R)|    2.418(R)|k4_7_IBUF         |   0.000|
data<8>     |    0.339(R)|    1.978(R)|k4_7_IBUF         |   0.000|
data<9>     |    0.751(R)|    1.661(R)|k4_7_IBUF         |   0.000|
data<10>    |    1.078(R)|    1.395(R)|k4_7_IBUF         |   0.000|
data<11>    |   -0.309(R)|    2.498(R)|k4_7_IBUF         |   0.000|
data<12>    |   -0.133(R)|    2.356(R)|k4_7_IBUF         |   0.000|
data<13>    |    0.469(R)|    1.873(R)|k4_7_IBUF         |   0.000|
data<14>    |   -0.975(R)|    3.029(R)|k4_7_IBUF         |   0.000|
data<15>    |   -0.499(R)|    2.649(R)|k4_7_IBUF         |   0.000|
k0<0>       |   -1.071(R)|    4.046(R)|k4_7_IBUF         |   0.000|
k0<1>       |   -0.283(R)|    3.282(R)|k4_7_IBUF         |   0.000|
k0<2>       |    0.987(R)|    2.202(R)|k4_7_IBUF         |   0.000|
k0<3>       |    1.055(R)|    2.639(R)|k4_7_IBUF         |   0.000|
k0<4>       |    1.024(R)|    1.853(R)|k4_7_IBUF         |   0.000|
k0<5>       |    1.487(R)|    2.912(R)|k4_7_IBUF         |   0.000|
k0<6>       |    0.782(R)|    2.526(R)|k4_7_IBUF         |   0.000|
k0<7>       |    1.393(R)|    1.548(R)|k4_7_IBUF         |   0.000|
k1<0>       |    0.161(R)|    2.651(R)|k4_7_IBUF         |   0.000|
k1<1>       |    1.331(R)|    1.383(R)|k4_7_IBUF         |   0.000|
k1<2>       |    2.215(R)|    2.386(R)|k4_7_IBUF         |   0.000|
k1<3>       |   -0.252(R)|    2.729(R)|k4_7_IBUF         |   0.000|
k1<4>       |    0.164(R)|    2.325(R)|k4_7_IBUF         |   0.000|
k1<5>       |    2.317(R)|    2.475(R)|k4_7_IBUF         |   0.000|
k1<6>       |    2.152(R)|    1.023(R)|k4_7_IBUF         |   0.000|
k1<7>       |    1.919(R)|    1.923(R)|k4_7_IBUF         |   0.000|
k2<0>       |    0.707(R)|    1.809(R)|k4_7_IBUF         |   0.000|
k2<1>       |    0.980(R)|    1.590(R)|k4_7_IBUF         |   0.000|
k2<2>       |    1.087(R)|    1.505(R)|k4_7_IBUF         |   0.000|
k2<3>       |    0.871(R)|    1.670(R)|k4_7_IBUF         |   0.000|
k2<4>       |    0.871(R)|    1.670(R)|k4_7_IBUF         |   0.000|
k2<5>       |    1.026(R)|    1.559(R)|k4_7_IBUF         |   0.000|
k2<6>       |    1.361(R)|    1.292(R)|k4_7_IBUF         |   0.000|
k2<7>       |    1.158(R)|    1.451(R)|k4_7_IBUF         |   0.000|
k3<0>       |    1.070(R)|    1.522(R)|k4_7_IBUF         |   0.000|
k3<1>       |   -0.048(R)|    2.415(R)|k4_7_IBUF         |   0.000|
k3<2>       |    0.185(R)|    2.224(R)|k4_7_IBUF         |   0.000|
k3<3>       |   -0.330(R)|    2.635(R)|k4_7_IBUF         |   0.000|
k3<4>       |    2.362(R)|    2.089(R)|k4_7_IBUF         |   0.000|
k3<5>       |    2.362(R)|    2.089(R)|k4_7_IBUF         |   0.000|
k3<6>       |    2.336(R)|    2.119(R)|k4_7_IBUF         |   0.000|
k3<7>       |    2.336(R)|    2.119(R)|k4_7_IBUF         |   0.000|
------------+------------+------------+------------------+--------+

Clock k4<0> to Pad
------------+------------+-----------------------+--------+
            | clk (edge) |                       | Clock  |
Destination |   to PAD   |Internal Clock(s)      | Phase  |
------------+------------+-----------------------+--------+
data<0>     |   13.813(F)|Mtrien_data<0>_not0001 |   0.000|
data<1>     |   14.127(F)|Mtrien_data<0>_not0001 |   0.000|
data<2>     |   14.127(F)|Mtrien_data<0>_not0001 |   0.000|
data<3>     |   14.496(F)|Mtrien_data<0>_not0001 |   0.000|
data<4>     |   14.496(F)|Mtrien_data<0>_not0001 |   0.000|
data<5>     |   14.271(F)|Mtrien_data<0>_not0001 |   0.000|
data<6>     |   14.271(F)|Mtrien_data<0>_not0001 |   0.000|
data<7>     |   14.276(F)|Mtrien_data<0>_not0001 |   0.000|
data<8>     |   13.606(F)|Mtrien_data<10>_not0001|   0.000|
data<9>     |   13.614(F)|Mtrien_data<10>_not0001|   0.000|
data<10>    |   13.614(F)|Mtrien_data<10>_not0001|   0.000|
data<11>    |   13.464(F)|Mtrien_data<10>_not0001|   0.000|
data<12>    |   13.457(F)|Mtrien_data<10>_not0001|   0.000|
data<13>    |   13.457(F)|Mtrien_data<10>_not0001|   0.000|
data<14>    |   13.447(F)|Mtrien_data<10>_not0001|   0.000|
data<15>    |   13.447(F)|Mtrien_data<10>_not0001|   0.000|
------------+------------+-----------------------+--------+

Clock k4<1> to Pad
------------+------------+-----------------------+--------+
            | clk (edge) |                       | Clock  |
Destination |   to PAD   |Internal Clock(s)      | Phase  |
------------+------------+-----------------------+--------+
data<0>     |   14.589(F)|Mtrien_data<0>_not0001 |   0.000|
data<1>     |   14.903(F)|Mtrien_data<0>_not0001 |   0.000|
data<2>     |   14.903(F)|Mtrien_data<0>_not0001 |   0.000|
data<3>     |   15.272(F)|Mtrien_data<0>_not0001 |   0.000|
data<4>     |   15.272(F)|Mtrien_data<0>_not0001 |   0.000|
data<5>     |   15.047(F)|Mtrien_data<0>_not0001 |   0.000|
data<6>     |   15.047(F)|Mtrien_data<0>_not0001 |   0.000|
data<7>     |   15.052(F)|Mtrien_data<0>_not0001 |   0.000|
data<8>     |   13.354(F)|Mtrien_data<10>_not0001|   0.000|
data<9>     |   13.362(F)|Mtrien_data<10>_not0001|   0.000|
data<10>    |   13.362(F)|Mtrien_data<10>_not0001|   0.000|
data<11>    |   13.212(F)|Mtrien_data<10>_not0001|   0.000|
data<12>    |   13.205(F)|Mtrien_data<10>_not0001|   0.000|
data<13>    |   13.205(F)|Mtrien_data<10>_not0001|   0.000|
data<14>    |   13.195(F)|Mtrien_data<10>_not0001|   0.000|
data<15>    |   13.195(F)|Mtrien_data<10>_not0001|   0.000|
------------+------------+-----------------------+--------+

Clock k4<2> to Pad
------------+------------+-----------------------+--------+
            | clk (edge) |                       | Clock  |
Destination |   to PAD   |Internal Clock(s)      | Phase  |
------------+------------+-----------------------+--------+
data<0>     |   13.247(F)|Mtrien_data<0>_not0001 |   0.000|
data<1>     |   13.561(F)|Mtrien_data<0>_not0001 |   0.000|
data<2>     |   13.561(F)|Mtrien_data<0>_not0001 |   0.000|
data<3>     |   13.930(F)|Mtrien_data<0>_not0001 |   0.000|
data<4>     |   13.930(F)|Mtrien_data<0>_not0001 |   0.000|
data<5>     |   13.705(F)|Mtrien_data<0>_not0001 |   0.000|
data<6>     |   13.705(F)|Mtrien_data<0>_not0001 |   0.000|
data<7>     |   13.710(F)|Mtrien_data<0>_not0001 |   0.000|
data<8>     |   12.012(F)|Mtrien_data<10>_not0001|   0.000|
data<9>     |   12.020(F)|Mtrien_data<10>_not0001|   0.000|
data<10>    |   12.020(F)|Mtrien_data<10>_not0001|   0.000|
data<11>    |   11.870(F)|Mtrien_data<10>_not0001|   0.000|
data<12>    |   11.863(F)|Mtrien_data<10>_not0001|   0.000|
data<13>    |   11.863(F)|Mtrien_data<10>_not0001|   0.000|
data<14>    |   11.853(F)|Mtrien_data<10>_not0001|   0.000|
data<15>    |   11.853(F)|Mtrien_data<10>_not0001|   0.000|
------------+------------+-----------------------+--------+

Clock k4<3> to Pad
------------+------------+-----------------------+--------+
            | clk (edge) |                       | Clock  |
Destination |   to PAD   |Internal Clock(s)      | Phase  |
------------+------------+-----------------------+--------+
data<0>     |   12.415(F)|Mtrien_data<0>_not0001 |   0.000|
data<1>     |   12.729(F)|Mtrien_data<0>_not0001 |   0.000|
data<2>     |   12.729(F)|Mtrien_data<0>_not0001 |   0.000|
data<3>     |   13.098(F)|Mtrien_data<0>_not0001 |   0.000|
data<4>     |   13.098(F)|Mtrien_data<0>_not0001 |   0.000|
data<5>     |   12.873(F)|Mtrien_data<0>_not0001 |   0.000|
data<6>     |   12.873(F)|Mtrien_data<0>_not0001 |   0.000|
data<7>     |   12.878(F)|Mtrien_data<0>_not0001 |   0.000|
data<8>     |   11.180(F)|Mtrien_data<10>_not0001|   0.000|
data<9>     |   11.188(F)|Mtrien_data<10>_not0001|   0.000|
data<10>    |   11.188(F)|Mtrien_data<10>_not0001|   0.000|
data<11>    |   11.038(F)|Mtrien_data<10>_not0001|   0.000|
data<12>    |   11.031(F)|Mtrien_data<10>_not0001|   0.000|
data<13>    |   11.031(F)|Mtrien_data<10>_not0001|   0.000|
data<14>    |   11.021(F)|Mtrien_data<10>_not0001|   0.000|
data<15>    |   11.021(F)|Mtrien_data<10>_not0001|   0.000|
------------+------------+-----------------------+--------+

Clock k4<4> to Pad
------------+------------+-----------------------+--------+
            | clk (edge) |                       | Clock  |
Destination |   to PAD   |Internal Clock(s)      | Phase  |
------------+------------+-----------------------+--------+
data<0>     |   12.743(F)|Mtrien_data<0>_not0001 |   0.000|
data<1>     |   13.057(F)|Mtrien_data<0>_not0001 |   0.000|
data<2>     |   13.057(F)|Mtrien_data<0>_not0001 |   0.000|
data<3>     |   13.426(F)|Mtrien_data<0>_not0001 |   0.000|
data<4>     |   13.426(F)|Mtrien_data<0>_not0001 |   0.000|
data<5>     |   13.201(F)|Mtrien_data<0>_not0001 |   0.000|
data<6>     |   13.201(F)|Mtrien_data<0>_not0001 |   0.000|
data<7>     |   13.206(F)|Mtrien_data<0>_not0001 |   0.000|
data<8>     |   11.710(F)|Mtrien_data<10>_not0001|   0.000|
data<9>     |   11.718(F)|Mtrien_data<10>_not0001|   0.000|
data<10>    |   11.718(F)|Mtrien_data<10>_not0001|   0.000|
data<11>    |   11.568(F)|Mtrien_data<10>_not0001|   0.000|
data<12>    |   11.561(F)|Mtrien_data<10>_not0001|   0.000|
data<13>    |   11.561(F)|Mtrien_data<10>_not0001|   0.000|
data<14>    |   11.551(F)|Mtrien_data<10>_not0001|   0.000|
data<15>    |   11.551(F)|Mtrien_data<10>_not0001|   0.000|
------------+------------+-----------------------+--------+

Clock k4<7> to Pad
------------+------------+-----------------------+--------+
            | clk (edge) |                       | Clock  |
Destination |   to PAD   |Internal Clock(s)      | Phase  |
------------+------------+-----------------------+--------+
ad<0>       |    9.524(R)|k4_7_IBUF              |   0.000|
ad<1>       |    9.522(R)|k4_7_IBUF              |   0.000|
ad<2>       |    9.522(R)|k4_7_IBUF              |   0.000|
ad<3>       |    9.499(R)|k4_7_IBUF              |   0.000|
ad<4>       |    9.499(R)|k4_7_IBUF              |   0.000|
ad<5>       |    9.541(R)|k4_7_IBUF              |   0.000|
ad<6>       |    9.541(R)|k4_7_IBUF              |   0.000|
ad<7>       |    9.534(R)|k4_7_IBUF              |   0.000|
ad<8>       |    9.534(R)|k4_7_IBUF              |   0.000|
ad<9>       |    9.530(R)|k4_7_IBUF              |   0.000|
ad<10>      |    9.515(R)|k4_7_IBUF              |   0.000|
ad<11>      |    9.515(R)|k4_7_IBUF              |   0.000|
ad<12>      |   13.391(R)|k4_7_IBUF              |   0.000|
ad<13>      |   14.949(R)|k4_7_IBUF              |   0.000|
ad<14>      |   14.709(R)|k4_7_IBUF              |   0.000|
ad<15>      |   14.860(R)|k4_7_IBUF              |   0.000|
data<0>     |   13.816(F)|Mtrien_data<0>_not0001 |   0.000|
            |   11.582(R)|k4_7_IBUF              |   0.000|
data<1>     |   11.479(R)|k4_7_IBUF              |   0.000|
            |   14.130(F)|Mtrien_data<0>_not0001 |   0.000|
data<2>     |   11.147(R)|k4_7_IBUF              |   0.000|
            |   14.130(F)|Mtrien_data<0>_not0001 |   0.000|
data<3>     |   14.499(F)|Mtrien_data<0>_not0001 |   0.000|
            |   11.222(R)|k4_7_IBUF              |   0.000|
data<4>     |   11.531(R)|k4_7_IBUF              |   0.000|
            |   14.499(F)|Mtrien_data<0>_not0001 |   0.000|
data<5>     |   11.820(R)|k4_7_IBUF              |   0.000|
            |   14.274(F)|Mtrien_data<0>_not0001 |   0.000|
data<6>     |   12.577(R)|k4_7_IBUF              |   0.000|
            |   14.274(F)|Mtrien_data<0>_not0001 |   0.000|
data<7>     |   14.279(F)|Mtrien_data<0>_not0001 |   0.000|
            |   12.518(R)|k4_7_IBUF              |   0.000|
data<8>     |   12.581(F)|Mtrien_data<10>_not0001|   0.000|
            |   12.080(R)|k4_7_IBUF              |   0.000|
data<9>     |   14.321(R)|k4_7_IBUF              |   0.000|
            |   12.589(F)|Mtrien_data<10>_not0001|   0.000|
data<10>    |   12.589(F)|Mtrien_data<10>_not0001|   0.000|
            |   12.500(R)|k4_7_IBUF              |   0.000|
data<11>    |   12.239(R)|k4_7_IBUF              |   0.000|
            |   12.439(F)|Mtrien_data<10>_not0001|   0.000|
data<12>    |   12.432(F)|Mtrien_data<10>_not0001|   0.000|
            |   11.291(R)|k4_7_IBUF              |   0.000|
data<13>    |   11.575(R)|k4_7_IBUF              |   0.000|
            |   12.432(F)|Mtrien_data<10>_not0001|   0.000|
data<14>    |   12.422(F)|Mtrien_data<10>_not0001|   0.000|
            |   11.389(R)|k4_7_IBUF              |   0.000|
data<15>    |   12.422(F)|Mtrien_data<10>_not0001|   0.000|
            |   11.583(R)|k4_7_IBUF              |   0.000|
s0<0>       |   13.120(R)|k4_7_IBUF              |   0.000|
s0<1>       |   13.642(R)|k4_7_IBUF              |   0.000|
s0<2>       |   13.818(R)|k4_7_IBUF              |   0.000|
s0<3>       |   13.523(R)|k4_7_IBUF              |   0.000|
s0<4>       |   12.736(R)|k4_7_IBUF              |   0.000|
s0<5>       |   13.045(R)|k4_7_IBUF              |   0.000|
s0<6>       |   12.780(R)|k4_7_IBUF              |   0.000|
s0<7>       |   12.786(R)|k4_7_IBUF              |   0.000|
s1<0>       |   13.564(R)|k4_7_IBUF              |   0.000|
s1<1>       |   13.799(R)|k4_7_IBUF              |   0.000|
s1<2>       |   12.770(R)|k4_7_IBUF              |   0.000|
s1<3>       |   13.387(R)|k4_7_IBUF              |   0.000|
s1<4>       |   13.037(R)|k4_7_IBUF              |   0.000|
s1<5>       |   13.244(R)|k4_7_IBUF              |   0.000|
s1<6>       |   12.721(R)|k4_7_IBUF              |   0.000|
s1<7>       |   13.189(R)|k4_7_IBUF              |   0.000|
------------+------------+-----------------------+--------+

Clock to Setup on destination clock k4<0>
---------------+---------+---------+---------+---------+
               | Src:Rise| Src:Fall| Src:Rise| Src:Fall|
Source Clock   |Dest:Rise|Dest:Rise|Dest:Fall|Dest:Fall|
---------------+---------+---------+---------+---------+
k4<0>          |         |         |    3.037|    3.037|
k4<1>          |         |         |    3.977|    3.977|
k4<2>          |         |         |    2.635|    2.635|
k4<3>          |         |         |    1.803|    1.803|
k4<4>          |         |         |    1.454|    1.454|
k4<7>          |         |         |    3.204|    3.204|
---------------+---------+---------+---------+---------+

Clock to Setup on destination clock k4<1>
---------------+---------+---------+---------+---------+
               | Src:Rise| Src:Fall| Src:Rise| Src:Fall|
Source Clock   |Dest:Rise|Dest:Rise|Dest:Fall|Dest:Fall|
---------------+---------+---------+---------+---------+
k4<0>          |         |         |    2.436|    2.436|
k4<1>          |         |         |    3.376|    3.376|
k4<2>          |         |         |    2.034|    2.034|
k4<3>          |         |         |    1.202|    1.202|
k4<4>          |         |         |    0.853|    0.853|
k4<7>          |         |         |    2.603|    2.603|
---------------+---------+---------+---------+---------+

Clock to Setup on destination clock k4<2>
---------------+---------+---------+---------+---------+
               | Src:Rise| Src:Fall| Src:Rise| Src:Fall|
Source Clock   |Dest:Rise|Dest:Rise|Dest:Fall|Dest:Fall|
---------------+---------+---------+---------+---------+
k4<0>          |         |         |    3.500|    3.500|
k4<1>          |         |         |    4.440|    4.440|
k4<2>          |         |         |    3.098|    3.098|
k4<3>          |         |         |    2.266|    2.266|
k4<4>          |         |         |    1.917|    1.917|
k4<7>          |         |         |    3.667|    3.667|
---------------+---------+---------+---------+---------+

Clock to Setup on destination clock k4<3>
---------------+---------+---------+---------+---------+
               | Src:Rise| Src:Fall| Src:Rise| Src:Fall|
Source Clock   |Dest:Rise|Dest:Rise|Dest:Fall|Dest:Fall|
---------------+---------+---------+---------+---------+
k4<0>          |         |         |    4.025|    4.025|
k4<1>          |         |         |    4.965|    4.965|
k4<2>          |         |         |    3.623|    3.623|
k4<3>          |         |         |    2.791|    2.791|
k4<4>          |         |         |    2.442|    2.442|
k4<7>          |         |         |    4.192|    4.192|
---------------+---------+---------+---------+---------+

Clock to Setup on destination clock k4<4>
---------------+---------+---------+---------+---------+
               | Src:Rise| Src:Fall| Src:Rise| Src:Fall|
Source Clock   |Dest:Rise|Dest:Rise|Dest:Fall|Dest:Fall|
---------------+---------+---------+---------+---------+
k4<0>          |         |         |    4.303|    4.303|
k4<1>          |         |         |    5.243|    5.243|
k4<2>          |         |         |    3.901|    3.901|
k4<3>          |         |         |    3.069|    3.069|
k4<4>          |         |         |    2.720|    2.720|
k4<7>          |         |         |    4.470|    4.470|
---------------+---------+---------+---------+---------+

Clock to Setup on destination clock k4<7>
---------------+---------+---------+---------+---------+
               | Src:Rise| Src:Fall| Src:Rise| Src:Fall|
Source Clock   |Dest:Rise|Dest:Rise|Dest:Fall|Dest:Fall|
---------------+---------+---------+---------+---------+
k4<0>          |    6.663|    6.663|    3.736|    3.736|
k4<1>          |    6.827|    6.827|    4.676|    4.676|
k4<2>          |    5.553|    5.553|    3.334|    3.334|
k4<3>          |    4.473|    4.473|    2.502|    2.502|
k4<4>          |    6.240|    6.240|    2.153|    2.153|
k4<7>          |    2.074|         |    3.903|    3.903|
---------------+---------+---------+---------+---------+

Pad to Pad
---------------+---------------+---------+
Source Pad     |Destination Pad|  Delay  |
---------------+---------------+---------+
k4<0>          |rd             |   10.133|
k4<1>          |cs             |    9.196|
k4<2>          |bh             |    9.763|
k4<3>          |bl             |    9.346|
k4<4>          |wr             |   11.029|
k4<7>          |bh             |   10.679|
k4<7>          |bl             |   10.678|
k4<7>          |cs             |   12.575|
k4<7>          |rd             |   10.807|
k4<7>          |wr             |   12.785|
---------------+---------------+---------+


Analysis completed Wed Jul 02 10:07:44 2014 
--------------------------------------------------------------------------------

Trace Settings:
-------------------------
Trace Settings 

Peak Memory Usage: 131 MB



