--------------------------------------------------------------------------------
Release 14.4 Trace  (nt)
Copyright (c) 1995-2012 Xilinx, Inc.  All rights reserved.

F:\xilink\14.4\ISE_DS\ISE\bin\nt\unwrapped\trce.exe -intstyle ise -v 3 -s 4 -n
3 -fastpaths -xml fourone.twx fourone.ncd -o fourone.twr fourone.pcf

Design file:              fourone.ncd
Physical constraint file: fourone.pcf
Device,package,speed:     xc3s500e,pq208,-4 (PRODUCTION 1.27 2012-12-04)
Report level:             verbose report

Environment Variable      Effect 
--------------------      ------ 
NONE                      No environment variables were set
--------------------------------------------------------------------------------

INFO:Timing:2698 - No timing constraints found, doing default enumeration.
INFO:Timing:3412 - To improve timing, see the Timing Closure User Guide (UG612).
INFO:Timing:2752 - To get complete path coverage, use the unconstrained paths 
   option. All paths that are not constrained will be reported in the 
   unconstrained paths section(s) of the report.
INFO:Timing:3339 - The clock-to-out numbers in this timing report are based on 
   a 50 Ohm transmission line loading model.  For the details of this model, 
   and for more information on accounting for different loading conditions, 
   please see the device datasheet.
INFO:Timing:3390 - This architecture does not support a default System Jitter 
   value, please add SYSTEM_JITTER constraint to the UCF to modify the Clock 
   Uncertainty calculation.
INFO:Timing:3389 - This architecture does not support 'Discrete Jitter' and 
   'Phase Error' calculations, these terms will be zero in the Clock 
   Uncertainty calculation.  Please make appropriate modification to 
   SYSTEM_JITTER to account for the unsupported Discrete Jitter and Phase 
   Error.



Data Sheet report:
-----------------
All values displayed in nanoseconds (ns)

Pad to Pad
---------------+---------------+---------+
Source Pad     |Destination Pad|  Delay  |
---------------+---------------+---------+
k0<0>          |s0<0>          |    8.901|
k0<0>          |s3<0>          |    9.474|
k0<1>          |s0<1>          |    8.337|
k0<1>          |s3<1>          |    9.623|
k0<2>          |s0<2>          |    8.115|
k0<2>          |s3<2>          |   12.177|
k0<3>          |s0<3>          |    8.432|
k0<3>          |s3<3>          |   12.761|
k0<4>          |s0<4>          |    8.297|
k0<4>          |s3<4>          |   12.611|
k0<5>          |s0<5>          |    8.786|
k0<5>          |s3<5>          |   12.835|
k0<6>          |s0<6>          |    8.549|
k0<6>          |s3<6>          |    9.697|
k0<7>          |s0<7>          |    9.251|
k0<7>          |s3<7>          |    7.818|
k1<0>          |s1<0>          |    7.481|
k1<0>          |s4<0>          |    9.200|
k1<1>          |s1<1>          |    6.353|
k1<1>          |s4<1>          |   10.217|
k1<2>          |s1<2>          |    6.967|
k1<2>          |s4<2>          |   10.600|
k1<3>          |s1<3>          |    7.419|
k1<3>          |s4<3>          |   11.614|
k1<4>          |s1<4>          |    7.874|
k1<4>          |s4<4>          |    7.917|
k1<5>          |s1<5>          |    8.644|
k1<5>          |s4<5>          |    5.910|
k1<6>          |s1<6>          |    9.184|
k1<6>          |s4<6>          |    6.194|
k1<7>          |s1<7>          |    8.751|
k1<7>          |s4<7>          |    6.255|
k2<0>          |s2<0>          |    8.210|
k2<0>          |s5<0>          |    7.057|
k2<1>          |s2<1>          |    7.918|
k2<1>          |s5<1>          |    7.209|
k2<2>          |s2<2>          |    8.315|
k2<2>          |s5<2>          |    7.412|
k2<3>          |s2<3>          |    8.212|
k2<3>          |s5<3>          |    9.726|
k2<4>          |s2<4>          |    8.239|
k2<4>          |s5<4>          |   11.519|
k2<5>          |s2<5>          |    7.184|
k2<5>          |s5<5>          |   11.248|
k2<6>          |s2<6>          |    7.110|
k2<6>          |s5<6>          |    9.275|
k2<7>          |s2<7>          |    7.285|
k2<7>          |s5<7>          |    6.583|
k3<0>          |B<0>           |    8.634|
k3<1>          |B<1>           |    8.439|
k3<2>          |B<2>           |    8.583|
k3<3>          |B<3>           |    8.632|
k3<4>          |B<4>           |    8.461|
k3<5>          |B<5>           |    8.271|
k3<6>          |B<6>           |    8.266|
k3<7>          |B<7>           |    8.521|
k4<0>          |A<0>           |    7.370|
k4<1>          |A<1>           |    9.076|
k4<2>          |A<2>           |    9.274|
k4<3>          |A<3>           |    8.480|
k4<4>          |A<4>           |    8.156|
k4<5>          |A<5>           |    8.135|
k4<6>          |A<6>           |    7.071|
k4<7>          |A<7>           |    8.420|
---------------+---------------+---------+


Analysis completed Tue Jul 01 14:53:26 2014 
--------------------------------------------------------------------------------

Trace Settings:
-------------------------
Trace Settings 

Peak Memory Usage: 128 MB



