Running: F:\xilink\14.4\ISE_DS\ISE\bin\nt\unwrapped\fuse.exe -intstyle ise -incremental -lib secureip -o D:/vhdl/lab2/ss_TB_isim_beh.exe -prj D:/vhdl/lab2/ss_TB_beh.prj work.ss_TB 
ISim P.49d (signature 0x8ef4fb42)
Number of CPUs detected in this system: 4
Turning on mult-threading, number of parallel sub-compilation jobs: 8 
Determining compilation order of HDL files
Parsing VHDL file "D:/vhdl/lab2/move.vhd" into library work
Parsing VHDL file "D:/vhdl/lab2/ss.vhd" into library work
Parsing VHDL file "D:/vhdl/lab2/ss_TB.vhd" into library work
Starting static elaboration
Completed static elaboration
Fuse Memory Usage: 95784 KB
Fuse CPU Usage: 233 ms
Compiling package standard
Compiling package std_logic_1164
Compiling architecture behavioral of entity move [move_default]
Compiling architecture behavioral of entity ss [ss_default]
Compiling architecture behavior of entity ss_tb
Time Resolution for simulation is 1ps.
Waiting for 1 sub-compilation(s) to finish...
Compiled 7 VHDL Units
Built simulation executable D:/vhdl/lab2/ss_TB_isim_beh.exe
Fuse Memory Usage: 104572 KB
Fuse CPU Usage: 280 ms
